c Instance is: ccsat.in
c Reading instance.....done.
c Random number seed: 1
c Pre-processing level: 1
c Processing instance: sorting clauses...
c   removing redundancies...0 redundant clauses eliminated.
c   unit reducing...0 unary clauses identified.
c   resolving...0 resolutions performed.
c Processing phase stats: 
c   Initial clause count       : 2
c   New clause count           : 1
c   Seconds elapsed (real time): 0 seconds.
c Learn order: 3
c Fudge factor: 0.9
c Finding up to 1 solutions...
Solution 1: 1 
c   Solution limit reached. 
c Solution phase stats: 
c   Variable Assignments        : 1
c   Branch Selections           : 0
c   Contradictions Discovered   : 0
c   Seconds Elapsed (real time) : 0
SAT
